[068.600] Kernel startup: phase 1
[068.600] Initialized loadfile
[068.600] Initialized term.*, write(), and print()
[068.600] Loading filesystem API from /lib/filesystem.lua
[068.650] Reinitializing loadfile
[068.650] Kernel startup: stage 2
[068.650] Setting up kernel hooks
[068.650] Loading init from /sbin/init.lua
[068.750] Starting mineSHELL services
[068.850] Loading /etc/init.d/00_base.lua
[068.950] Loading /etc/init.d/10_event.lua
[069.000] Loading /etc/init.d/20_read.lua
[069.050] Loading /etc/init.d/30_errors.lua
[069.100] Loading /etc/init.d/40_tables.lua
[069.150] Loading /etc/init.d/50_modules.lua
[069.250] Loading /etc/init.d/60_networking.lua
[069.300] Checking for an internet card
[069.300] Found internet card and created proxy
[069.300] Loading /etc/init.d/70_filesystem.lua
[069.350] Getting root filesystem address
[069.400] Initializing mount system
[069.650] Mounting filesystem f55c495e-2b53-403c-844b-90f20a0c085a at /
[069.850] Mounting external filesystems
[069.950] Mounting filesystem 8c39142b-c6e9-451d-8d46-7ff923ea330e at /mnt/8c3
[070.100] Mounting filesystem ef489a28-5418-4375-8142-f8948992415e at /tmp
[070.300] Mounting filesystem a9002cf1-be6b-4a75-8fab-92b374248144 at /mnt/a90
[070.500] Loading /etc/init.d/80_multithreading.lua
[070.700] Starting mineRC
[070.900] Checking for OpenRC configuration at /etc/openrc.cfg
[071.050] Starting OpenRC service logd
[071.200] Spawning process 2 with name logd
[071.300] Starting shell
[071.450] Spawning process 3 with name shell
[072.200] Task logd died: cannot resume dead coroutine
[083.500] Exiting in desktop...
